{"C:\\Twitter_Clone\\src\\services\\dummy-service.js": {"path":"C:\\Twitter_Clone\\src\\services\\dummy-service.js","statementMap":{"0":{"start":{"line":2,"column":22},"end":{"line":10,"column":1}},"1":{"start":{"line":3,"column":21},"end":{"line":3,"column":29}},"2":{"start":{"line":4,"column":4},"end":{"line":9,"column":5}},"3":{"start":{"line":5,"column":8},"end":{"line":5,"column":45}},"4":{"start":{"line":8,"column":8},"end":{"line":8,"column":44}}},"fnMap":{"0":{"name":"(anonymous_0)","decl":{"start":{"line":2,"column":22},"end":{"line":2,"column":23}},"loc":{"start":{"line":2,"column":28},"end":{"line":10,"column":1}},"line":2}},"branchMap":{"0":{"loc":{"start":{"line":4,"column":4},"end":{"line":9,"column":5}},"type":"if","locations":[{"start":{"line":4,"column":4},"end":{"line":9,"column":5}},{"start":{"line":7,"column":8},"end":{"line":9,"column":5}}],"line":4}},"s":{"0":1,"1":2,"2":2,"3":1,"4":1},"f":{"0":2},"b":{"0":[1,1]},"_coverageSchema":"1a1c01bbd47fc00a2c39e90264f33305004495a9","hash":"c600c16378fa64a24752b72fc14e6bb0123d99bb"}
,"C:\\Twitter_Clone\\src\\services\\helper.js": {"path":"C:\\Twitter_Clone\\src\\services\\helper.js","statementMap":{"0":{"start":{"line":1,"column":21},"end":{"line":4,"column":1}},"1":{"start":{"line":2,"column":13},"end":{"line":2,"column":44}},"2":{"start":{"line":3,"column":4},"end":{"line":3,"column":18}}},"fnMap":{"0":{"name":"(anonymous_0)","decl":{"start":{"line":1,"column":21},"end":{"line":1,"column":22}},"loc":{"start":{"line":1,"column":27},"end":{"line":4,"column":1}},"line":1}},"branchMap":{},"s":{"0":1,"1":0,"2":0},"f":{"0":0},"b":{},"_coverageSchema":"1a1c01bbd47fc00a2c39e90264f33305004495a9","hash":"24c6a6d22a41eeb16c28ba76ebda824f692f253a"}
}
